<?xml version="1.0" encoding="UTF-8"?>
<!-- Generated by org.testng.reporters.JUnitReportReporter -->
<testsuite hostname="INDPRFTCPL1690" failures="0" tests="3" name="Perficient.SeleniumFrameworkDesign.pageObject" time="43.470" errors="0" timestamp="2024-08-06T14:04:43 IST" skipped="0">
  <testcase classname="Perficient.SeleniumFrameworkDesign.pageObject" name="OrderList" time="6.499"/>
  <testcase classname="Perficient.SeleniumFrameworkDesign.pageObject" name="submitOrder" time="19.196"/>
  <testcase classname="Perficient.SeleniumFrameworkDesign.pageObject" name="submitOrder" time="17.775"/>
</testsuite> <!-- Perficient.SeleniumFrameworkDesign.pageObject -->
