<?xml version="1.0" encoding="UTF-8"?>
<!-- Generated by org.testng.reporters.JUnitReportReporter -->
<testsuite hostname="INDPRFTCPL1690" failures="0" tests="1" name="Cucumber.TestNGrunner" time="20.784" errors="0" timestamp="2024-08-09T15:22:17 IST" skipped="0">
  <testcase classname="Cucumber.TestNGrunner" name="runScenario" time="20.784"/>
</testsuite> <!-- Cucumber.TestNGrunner -->
