<?xml version="1.0" encoding="UTF-8"?>
<!-- Generated by org.testng.reporters.JUnitReportReporter -->
<testsuite hostname="INDPRFTCPL1690" failures="0" tests="3" name="Perficient.SeleniumFrameworkDesign.pageObject" time="46.164" errors="0" timestamp="2024-08-12T15:13:39 IST" skipped="0">
  <testcase classname="Perficient.SeleniumFrameworkDesign.pageObject" name="submitOrder" time="18.544"/>
  <testcase classname="Perficient.SeleniumFrameworkDesign.pageObject" name="submitOrder" time="23.498"/>
  <testcase classname="Perficient.SeleniumFrameworkDesign.pageObject" name="OrderList" time="4.122"/>
</testsuite> <!-- Perficient.SeleniumFrameworkDesign.pageObject -->
